ARM GAS  C:\Users\nikod\AppData\Local\Temp\ccEf6mfK.s 			page 1


   1              		.syntax unified
   2              		.cpu cortex-m3
   3              		.fpu softvfp
   4              		.eabi_attribute 20, 1
   5              		.eabi_attribute 21, 1
   6              		.eabi_attribute 23, 3
   7              		.eabi_attribute 24, 1
   8              		.eabi_attribute 25, 1
   9              		.eabi_attribute 26, 1
  10              		.eabi_attribute 30, 1
  11              		.eabi_attribute 34, 1
  12              		.eabi_attribute 18, 4
  13              		.thumb
  14              		.syntax unified
  15              		.file	"cymetadata.c"
  16              		.text
  17              	.Ltext0:
  18              		.cfi_sections	.debug_frame
  19              		.global	cy_metadata
  20              		.global	cy_meta_flashprotect
  21              		.global	cy_meta_wonvl
  22              		.global	cy_meta_custnvl
  23              		.global	cy_meta_configecc
  24              		.section	.cyconfigecc,"a",%progbits
  25              		.align	2
  26              		.type	cy_meta_configecc, %object
  27              		.size	cy_meta_configecc, 880
  28              	cy_meta_configecc:
  29 0000 03       		.byte	3
  30 0001 52       		.byte	82
  31 0002 00       		.byte	0
  32 0003 40       		.byte	64
  33 0004 03       		.byte	3
  34 0005 65       		.byte	101
  35 0006 00       		.byte	0
  36 0007 40       		.byte	64
  37 0008 6A       		.byte	106
  38 0009 14       		.byte	20
  39 000a 01       		.byte	1
  40 000b 40       		.byte	64
  41 000c 49       		.byte	73
  42 000d 15       		.byte	21
  43 000e 01       		.byte	1
  44 000f 40       		.byte	64
  45 0010 14       		.byte	20
  46 0011 16       		.byte	22
  47 0012 01       		.byte	1
  48 0013 40       		.byte	64
  49 0014 40       		.byte	64
  50 0015 17       		.byte	23
  51 0016 01       		.byte	1
  52 0017 40       		.byte	64
  53 0018 01       		.byte	1
  54 0019 1B       		.byte	27
  55 001a 01       		.byte	1
  56 001b 40       		.byte	64
  57 001c 02       		.byte	2
ARM GAS  C:\Users\nikod\AppData\Local\Temp\ccEf6mfK.s 			page 2


  58 001d 40       		.byte	64
  59 001e 01       		.byte	1
  60 001f 40       		.byte	64
  61 0020 01       		.byte	1
  62 0021 41       		.byte	65
  63 0022 01       		.byte	1
  64 0023 40       		.byte	64
  65 0024 03       		.byte	3
  66 0025 42       		.byte	66
  67 0026 01       		.byte	1
  68 0027 40       		.byte	64
  69 0028 02       		.byte	2
  70 0029 43       		.byte	67
  71 002a 01       		.byte	1
  72 002b 40       		.byte	64
  73 002c 06       		.byte	6
  74 002d 45       		.byte	69
  75 002e 01       		.byte	1
  76 002f 40       		.byte	64
  77 0030 04       		.byte	4
  78 0031 46       		.byte	70
  79 0032 01       		.byte	1
  80 0033 40       		.byte	64
  81 0034 04       		.byte	4
  82 0035 47       		.byte	71
  83 0036 01       		.byte	1
  84 0037 40       		.byte	64
  85 0038 04       		.byte	4
  86 0039 48       		.byte	72
  87 003a 01       		.byte	1
  88 003b 40       		.byte	64
  89 003c 09       		.byte	9
  90 003d 49       		.byte	73
  91 003e 01       		.byte	1
  92 003f 40       		.byte	64
  93 0040 0B       		.byte	11
  94 0041 4C       		.byte	76
  95 0042 01       		.byte	1
  96 0043 40       		.byte	64
  97 0044 01       		.byte	1
  98 0045 4D       		.byte	77
  99 0046 01       		.byte	1
 100 0047 40       		.byte	64
 101 0048 02       		.byte	2
 102 0049 50       		.byte	80
 103 004a 01       		.byte	1
 104 004b 40       		.byte	64
 105 004c 02       		.byte	2
 106 004d 51       		.byte	81
 107 004e 01       		.byte	1
 108 004f 40       		.byte	64
 109 0050 10       		.byte	16
 110 0051 04       		.byte	4
 111 0052 11       		.byte	17
 112 0053 08       		.byte	8
 113 0054 1C       		.byte	28
 114 0055 01       		.byte	1
ARM GAS  C:\Users\nikod\AppData\Local\Temp\ccEf6mfK.s 			page 3


 115 0056 84       		.byte	-124
 116 0057 0F       		.byte	15
 117 0058 86       		.byte	-122
 118 0059 38       		.byte	56
 119 005a 87       		.byte	-121
 120 005b 72       		.byte	114
 121 005c 01       		.byte	1
 122 005d 08       		.byte	8
 123 005e 02       		.byte	2
 124 005f 08       		.byte	8
 125 0060 03       		.byte	3
 126 0061 34       		.byte	52
 127 0062 04       		.byte	4
 128 0063 13       		.byte	19
 129 0064 05       		.byte	5
 130 0065 18       		.byte	24
 131 0066 06       		.byte	6
 132 0067 04       		.byte	4
 133 0068 08       		.byte	8
 134 0069 20       		.byte	32
 135 006a 09       		.byte	9
 136 006b 18       		.byte	24
 137 006c 0A       		.byte	10
 138 006d C0       		.byte	-64
 139 006e 0C       		.byte	12
 140 006f 40       		.byte	64
 141 0070 0E       		.byte	14
 142 0071 20       		.byte	32
 143 0072 10       		.byte	16
 144 0073 13       		.byte	19
 145 0074 12       		.byte	18
 146 0075 0C       		.byte	12
 147 0076 14       		.byte	20
 148 0077 0A       		.byte	10
 149 0078 15       		.byte	21
 150 0079 10       		.byte	16
 151 007a 16       		.byte	22
 152 007b 14       		.byte	20
 153 007c 17       		.byte	23
 154 007d 0C       		.byte	12
 155 007e 18       		.byte	24
 156 007f 80       		.byte	-128
 157 0080 1A       		.byte	26
 158 0081 20       		.byte	32
 159 0082 22       		.byte	34
 160 0083 15       		.byte	21
 161 0084 24       		.byte	36
 162 0085 E0       		.byte	-32
 163 0086 25       		.byte	37
 164 0087 01       		.byte	1
 165 0088 28       		.byte	40
 166 0089 E0       		.byte	-32
 167 008a 2B       		.byte	43
 168 008b 02       		.byte	2
 169 008c 2C       		.byte	44
 170 008d 03       		.byte	3
 171 008e 2E       		.byte	46
ARM GAS  C:\Users\nikod\AppData\Local\Temp\ccEf6mfK.s 			page 4


 172 008f 14       		.byte	20
 173 0090 30       		.byte	48
 174 0091 10       		.byte	16
 175 0092 31       		.byte	49
 176 0093 01       		.byte	1
 177 0094 32       		.byte	50
 178 0095 0F       		.byte	15
 179 0096 33       		.byte	51
 180 0097 18       		.byte	24
 181 0098 34       		.byte	52
 182 0099 E0       		.byte	-32
 183 009a 35       		.byte	53
 184 009b 20       		.byte	32
 185 009c 37       		.byte	55
 186 009d 06       		.byte	6
 187 009e 3A       		.byte	58
 188 009f 08       		.byte	8
 189 00a0 3E       		.byte	62
 190 00a1 01       		.byte	1
 191 00a2 3F       		.byte	63
 192 00a3 41       		.byte	65
 193 00a4 40       		.byte	64
 194 00a5 31       		.byte	49
 195 00a6 41       		.byte	65
 196 00a7 02       		.byte	2
 197 00a8 46       		.byte	70
 198 00a9 BE       		.byte	-66
 199 00aa 47       		.byte	71
 200 00ab C0       		.byte	-64
 201 00ac 48       		.byte	72
 202 00ad 2C       		.byte	44
 203 00ae 49       		.byte	73
 204 00af FF       		.byte	-1
 205 00b0 4A       		.byte	74
 206 00b1 FF       		.byte	-1
 207 00b2 4B       		.byte	75
 208 00b3 FF       		.byte	-1
 209 00b4 4E       		.byte	78
 210 00b5 F0       		.byte	-16
 211 00b6 4F       		.byte	79
 212 00b7 44       		.byte	68
 213 00b8 50       		.byte	80
 214 00b9 0C       		.byte	12
 215 00ba 54       		.byte	84
 216 00bb 01       		.byte	1
 217 00bc 58       		.byte	88
 218 00bd 04       		.byte	4
 219 00be 59       		.byte	89
 220 00bf 04       		.byte	4
 221 00c0 5A       		.byte	90
 222 00c1 04       		.byte	4
 223 00c2 5B       		.byte	91
 224 00c3 04       		.byte	4
 225 00c4 5F       		.byte	95
 226 00c5 01       		.byte	1
 227 00c6 66       		.byte	102
 228 00c7 C0       		.byte	-64
ARM GAS  C:\Users\nikod\AppData\Local\Temp\ccEf6mfK.s 			page 5


 229 00c8 6A       		.byte	106
 230 00c9 40       		.byte	64
 231 00ca 6B       		.byte	107
 232 00cb 02       		.byte	2
 233 00cc 81       		.byte	-127
 234 00cd 80       		.byte	-128
 235 00ce 83       		.byte	-125
 236 00cf 13       		.byte	19
 237 00d0 84       		.byte	-124
 238 00d1 0C       		.byte	12
 239 00d2 86       		.byte	-122
 240 00d3 71       		.byte	113
 241 00d4 87       		.byte	-121
 242 00d5 08       		.byte	8
 243 00d6 88       		.byte	-120
 244 00d7 10       		.byte	16
 245 00d8 8A       		.byte	-118
 246 00d9 40       		.byte	64
 247 00da 93       		.byte	-109
 248 00db 0C       		.byte	12
 249 00dc 95       		.byte	-107
 250 00dd 2C       		.byte	44
 251 00de 96       		.byte	-106
 252 00df 03       		.byte	3
 253 00e0 97       		.byte	-105
 254 00e1 43       		.byte	67
 255 00e2 9E       		.byte	-98
 256 00e3 20       		.byte	32
 257 00e4 A0       		.byte	-96
 258 00e5 09       		.byte	9
 259 00e6 A2       		.byte	-94
 260 00e7 D0       		.byte	-48
 261 00e8 A4       		.byte	-92
 262 00e9 DC       		.byte	-36
 263 00ea A5       		.byte	-91
 264 00eb 71       		.byte	113
 265 00ec A6       		.byte	-90
 266 00ed 22       		.byte	34
 267 00ee A7       		.byte	-89
 268 00ef 0E       		.byte	14
 269 00f0 A8       		.byte	-88
 270 00f1 14       		.byte	20
 271 00f2 A9       		.byte	-87
 272 00f3 71       		.byte	113
 273 00f4 AB       		.byte	-85
 274 00f5 06       		.byte	6
 275 00f6 AC       		.byte	-84
 276 00f7 10       		.byte	16
 277 00f8 AE       		.byte	-82
 278 00f9 AC       		.byte	-84
 279 00fa B2       		.byte	-78
 280 00fb 1F       		.byte	31
 281 00fc B3       		.byte	-77
 282 00fd 30       		.byte	48
 283 00fe B4       		.byte	-76
 284 00ff E0       		.byte	-32
 285 0100 B5       		.byte	-75
ARM GAS  C:\Users\nikod\AppData\Local\Temp\ccEf6mfK.s 			page 6


 286 0101 0F       		.byte	15
 287 0102 B7       		.byte	-73
 288 0103 C0       		.byte	-64
 289 0104 B9       		.byte	-71
 290 0105 88       		.byte	-120
 291 0106 BA       		.byte	-70
 292 0107 20       		.byte	32
 293 0108 BB       		.byte	-69
 294 0109 20       		.byte	32
 295 010a BF       		.byte	-65
 296 010b 04       		.byte	4
 297 010c C0       		.byte	-64
 298 010d 02       		.byte	2
 299 010e C7       		.byte	-57
 300 010f 04       		.byte	4
 301 0110 C9       		.byte	-55
 302 0111 FF       		.byte	-1
 303 0112 CA       		.byte	-54
 304 0113 07       		.byte	7
 305 0114 CB       		.byte	-53
 306 0115 FF       		.byte	-1
 307 0116 CC       		.byte	-52
 308 0117 40       		.byte	64
 309 0118 CD       		.byte	-51
 310 0119 20       		.byte	32
 311 011a CE       		.byte	-50
 312 011b F0       		.byte	-16
 313 011c CF       		.byte	-49
 314 011d 05       		.byte	5
 315 011e D0       		.byte	-48
 316 011f 08       		.byte	8
 317 0120 D8       		.byte	-40
 318 0121 04       		.byte	4
 319 0122 D9       		.byte	-39
 320 0123 04       		.byte	4
 321 0124 DA       		.byte	-38
 322 0125 04       		.byte	4
 323 0126 DF       		.byte	-33
 324 0127 01       		.byte	1
 325 0128 E0       		.byte	-32
 326 0129 40       		.byte	64
 327 012a E1       		.byte	-31
 328 012b A8       		.byte	-88
 329 012c E2       		.byte	-30
 330 012d 40       		.byte	64
 331 012e E3       		.byte	-29
 332 012f 20       		.byte	32
 333 0130 01       		.byte	1
 334 0131 20       		.byte	32
 335 0132 02       		.byte	2
 336 0133 81       		.byte	-127
 337 0134 03       		.byte	3
 338 0135 20       		.byte	32
 339 0136 04       		.byte	4
 340 0137 04       		.byte	4
 341 0138 06       		.byte	6
 342 0139 08       		.byte	8
ARM GAS  C:\Users\nikod\AppData\Local\Temp\ccEf6mfK.s 			page 7


 343 013a 08       		.byte	8
 344 013b 06       		.byte	6
 345 013c 0A       		.byte	10
 346 013d 08       		.byte	8
 347 013e 0E       		.byte	14
 348 013f 10       		.byte	16
 349 0140 0F       		.byte	15
 350 0141 02       		.byte	2
 351 0142 10       		.byte	16
 352 0143 82       		.byte	-126
 353 0144 11       		.byte	17
 354 0145 14       		.byte	20
 355 0146 14       		.byte	20
 356 0147 02       		.byte	2
 357 0148 15       		.byte	21
 358 0149 20       		.byte	32
 359 014a 17       		.byte	23
 360 014b 09       		.byte	9
 361 014c 19       		.byte	25
 362 014d 20       		.byte	32
 363 014e 1A       		.byte	26
 364 014f 40       		.byte	64
 365 0150 1B       		.byte	27
 366 0151 18       		.byte	24
 367 0152 1C       		.byte	28
 368 0153 04       		.byte	4
 369 0154 1D       		.byte	29
 370 0155 04       		.byte	4
 371 0156 1E       		.byte	30
 372 0157 10       		.byte	16
 373 0158 1F       		.byte	31
 374 0159 20       		.byte	32
 375 015a 20       		.byte	32
 376 015b 01       		.byte	1
 377 015c 21       		.byte	33
 378 015d 08       		.byte	8
 379 015e 22       		.byte	34
 380 015f 14       		.byte	20
 381 0160 23       		.byte	35
 382 0161 40       		.byte	64
 383 0162 26       		.byte	38
 384 0163 80       		.byte	-128
 385 0164 27       		.byte	39
 386 0165 19       		.byte	25
 387 0166 29       		.byte	41
 388 0167 24       		.byte	36
 389 0168 2F       		.byte	47
 390 0169 28       		.byte	40
 391 016a 31       		.byte	49
 392 016b 08       		.byte	8
 393 016c 34       		.byte	52
 394 016d 04       		.byte	4
 395 016e 37       		.byte	55
 396 016f 09       		.byte	9
 397 0170 39       		.byte	57
 398 0171 14       		.byte	20
 399 0172 3A       		.byte	58
ARM GAS  C:\Users\nikod\AppData\Local\Temp\ccEf6mfK.s 			page 8


 400 0173 01       		.byte	1
 401 0174 3E       		.byte	62
 402 0175 09       		.byte	9
 403 0176 3F       		.byte	63
 404 0177 02       		.byte	2
 405 0178 42       		.byte	66
 406 0179 01       		.byte	1
 407 017a 43       		.byte	67
 408 017b 28       		.byte	40
 409 017c 47       		.byte	71
 410 017d 10       		.byte	16
 411 017e 4C       		.byte	76
 412 017f 80       		.byte	-128
 413 0180 4F       		.byte	79
 414 0181 02       		.byte	2
 415 0182 50       		.byte	80
 416 0183 02       		.byte	2
 417 0184 51       		.byte	81
 418 0185 10       		.byte	16
 419 0186 52       		.byte	82
 420 0187 40       		.byte	64
 421 0188 53       		.byte	83
 422 0189 01       		.byte	1
 423 018a 56       		.byte	86
 424 018b 08       		.byte	8
 425 018c 58       		.byte	88
 426 018d 01       		.byte	1
 427 018e 59       		.byte	89
 428 018f 10       		.byte	16
 429 0190 5A       		.byte	90
 430 0191 44       		.byte	68
 431 0192 64       		.byte	100
 432 0193 01       		.byte	1
 433 0194 66       		.byte	102
 434 0195 40       		.byte	64
 435 0196 82       		.byte	-126
 436 0197 01       		.byte	1
 437 0198 8B       		.byte	-117
 438 0199 40       		.byte	64
 439 019a 8C       		.byte	-116
 440 019b 02       		.byte	2
 441 019c 8D       		.byte	-115
 442 019d 10       		.byte	16
 443 019e 8F       		.byte	-113
 444 019f 09       		.byte	9
 445 01a0 91       		.byte	-111
 446 01a1 14       		.byte	20
 447 01a2 92       		.byte	-110
 448 01a3 04       		.byte	4
 449 01a4 94       		.byte	-108
 450 01a5 01       		.byte	1
 451 01a6 96       		.byte	-106
 452 01a7 28       		.byte	40
 453 01a8 9E       		.byte	-98
 454 01a9 41       		.byte	65
 455 01aa A7       		.byte	-89
 456 01ab 10       		.byte	16
ARM GAS  C:\Users\nikod\AppData\Local\Temp\ccEf6mfK.s 			page 9


 457 01ac AC       		.byte	-84
 458 01ad 12       		.byte	18
 459 01ae C0       		.byte	-64
 460 01af 6F       		.byte	111
 461 01b0 C2       		.byte	-62
 462 01b1 AE       		.byte	-82
 463 01b2 C4       		.byte	-60
 464 01b3 FF       		.byte	-1
 465 01b4 CA       		.byte	-54
 466 01b5 66       		.byte	102
 467 01b6 CC       		.byte	-52
 468 01b7 C2       		.byte	-62
 469 01b8 CE       		.byte	-50
 470 01b9 C7       		.byte	-57
 471 01ba D0       		.byte	-48
 472 01bb 2E       		.byte	46
 473 01bc D6       		.byte	-42
 474 01bd 0F       		.byte	15
 475 01be E2       		.byte	-30
 476 01bf 20       		.byte	32
 477 01c0 EA       		.byte	-22
 478 01c1 01       		.byte	1
 479 01c2 00       		.byte	0
 480 01c3 04       		.byte	4
 481 01c4 03       		.byte	3
 482 01c5 01       		.byte	1
 483 01c6 0C       		.byte	12
 484 01c7 01       		.byte	1
 485 01c8 12       		.byte	18
 486 01c9 02       		.byte	2
 487 01ca 1A       		.byte	26
 488 01cb 02       		.byte	2
 489 01cc 23       		.byte	35
 490 01cd 01       		.byte	1
 491 01ce 24       		.byte	36
 492 01cf 01       		.byte	1
 493 01d0 28       		.byte	40
 494 01d1 01       		.byte	1
 495 01d2 32       		.byte	50
 496 01d3 02       		.byte	2
 497 01d4 34       		.byte	52
 498 01d5 04       		.byte	4
 499 01d6 35       		.byte	53
 500 01d7 01       		.byte	1
 501 01d8 36       		.byte	54
 502 01d9 01       		.byte	1
 503 01da 3E       		.byte	62
 504 01db 14       		.byte	20
 505 01dc 3F       		.byte	63
 506 01dd 10       		.byte	16
 507 01de 54       		.byte	84
 508 01df 18       		.byte	24
 509 01e0 56       		.byte	86
 510 01e1 04       		.byte	4
 511 01e2 58       		.byte	88
 512 01e3 04       		.byte	4
 513 01e4 59       		.byte	89
ARM GAS  C:\Users\nikod\AppData\Local\Temp\ccEf6mfK.s 			page 10


 514 01e5 04       		.byte	4
 515 01e6 5B       		.byte	91
 516 01e7 04       		.byte	4
 517 01e8 5F       		.byte	95
 518 01e9 01       		.byte	1
 519 01ea 00       		.byte	0
 520 01eb 24       		.byte	36
 521 01ec 02       		.byte	2
 522 01ed 01       		.byte	1
 523 01ee 06       		.byte	6
 524 01ef 40       		.byte	64
 525 01f0 07       		.byte	7
 526 01f1 01       		.byte	1
 527 01f2 08       		.byte	8
 528 01f3 14       		.byte	20
 529 01f4 09       		.byte	9
 530 01f5 80       		.byte	-128
 531 01f6 0A       		.byte	10
 532 01f7 40       		.byte	64
 533 01f8 0D       		.byte	13
 534 01f9 01       		.byte	1
 535 01fa 0F       		.byte	15
 536 01fb 04       		.byte	4
 537 01fc 10       		.byte	16
 538 01fd A0       		.byte	-96
 539 01fe 12       		.byte	18
 540 01ff 02       		.byte	2
 541 0200 13       		.byte	19
 542 0201 20       		.byte	32
 543 0202 17       		.byte	23
 544 0203 18       		.byte	24
 545 0204 18       		.byte	24
 546 0205 04       		.byte	4
 547 0206 1A       		.byte	26
 548 0207 50       		.byte	80
 549 0208 1B       		.byte	27
 550 0209 81       		.byte	-127
 551 020a 1D       		.byte	29
 552 020b 84       		.byte	-124
 553 020c 1E       		.byte	30
 554 020d 06       		.byte	6
 555 020e 20       		.byte	32
 556 020f 28       		.byte	40
 557 0210 21       		.byte	33
 558 0211 04       		.byte	4
 559 0212 22       		.byte	34
 560 0213 02       		.byte	2
 561 0214 23       		.byte	35
 562 0215 46       		.byte	70
 563 0216 26       		.byte	38
 564 0217 20       		.byte	32
 565 0218 28       		.byte	40
 566 0219 10       		.byte	16
 567 021a 2A       		.byte	42
 568 021b 21       		.byte	33
 569 021c 2B       		.byte	43
 570 021d 11       		.byte	17
ARM GAS  C:\Users\nikod\AppData\Local\Temp\ccEf6mfK.s 			page 11


 571 021e 2F       		.byte	47
 572 021f 80       		.byte	-128
 573 0220 30       		.byte	48
 574 0221 06       		.byte	6
 575 0222 31       		.byte	49
 576 0223 80       		.byte	-128
 577 0224 32       		.byte	50
 578 0225 14       		.byte	20
 579 0226 38       		.byte	56
 580 0227 24       		.byte	36
 581 0228 3A       		.byte	58
 582 0229 02       		.byte	2
 583 022a 3B       		.byte	59
 584 022b 40       		.byte	64
 585 022c 3F       		.byte	63
 586 022d 01       		.byte	1
 587 022e 40       		.byte	64
 588 022f 05       		.byte	5
 589 0230 41       		.byte	65
 590 0231 04       		.byte	4
 591 0232 48       		.byte	72
 592 0233 04       		.byte	4
 593 0234 4A       		.byte	74
 594 0235 01       		.byte	1
 595 0236 4B       		.byte	75
 596 0237 01       		.byte	1
 597 0238 51       		.byte	81
 598 0239 01       		.byte	1
 599 023a 5A       		.byte	90
 600 023b 10       		.byte	16
 601 023c 5F       		.byte	95
 602 023d 02       		.byte	2
 603 023e 64       		.byte	100
 604 023f 0A       		.byte	10
 605 0240 65       		.byte	101
 606 0241 02       		.byte	2
 607 0242 69       		.byte	105
 608 0243 14       		.byte	20
 609 0244 6B       		.byte	107
 610 0245 19       		.byte	25
 611 0246 70       		.byte	112
 612 0247 B0       		.byte	-80
 613 0248 72       		.byte	114
 614 0249 22       		.byte	34
 615 024a 73       		.byte	115
 616 024b 20       		.byte	32
 617 024c 78       		.byte	120
 618 024d 08       		.byte	8
 619 024e 7A       		.byte	122
 620 024f 20       		.byte	32
 621 0250 80       		.byte	-128
 622 0251 02       		.byte	2
 623 0252 81       		.byte	-127
 624 0253 04       		.byte	4
 625 0254 85       		.byte	-123
 626 0255 02       		.byte	2
 627 0256 C0       		.byte	-64
ARM GAS  C:\Users\nikod\AppData\Local\Temp\ccEf6mfK.s 			page 12


 628 0257 97       		.byte	-105
 629 0258 C2       		.byte	-62
 630 0259 5F       		.byte	95
 631 025a C4       		.byte	-60
 632 025b 6F       		.byte	111
 633 025c CA       		.byte	-54
 634 025d 8F       		.byte	-113
 635 025e CC       		.byte	-52
 636 025f 0F       		.byte	15
 637 0260 CE       		.byte	-50
 638 0261 8F       		.byte	-113
 639 0262 D0       		.byte	-48
 640 0263 0E       		.byte	14
 641 0264 D2       		.byte	-46
 642 0265 0C       		.byte	12
 643 0266 D6       		.byte	-42
 644 0267 84       		.byte	-124
 645 0268 D8       		.byte	-40
 646 0269 B0       		.byte	-80
 647 026a EA       		.byte	-22
 648 026b 01       		.byte	1
 649 026c 33       		.byte	51
 650 026d 80       		.byte	-128
 651 026e CC       		.byte	-52
 652 026f 10       		.byte	16
 653 0270 A7       		.byte	-89
 654 0271 80       		.byte	-128
 655 0272 3E       		.byte	62
 656 0273 10       		.byte	16
 657 0274 A7       		.byte	-89
 658 0275 80       		.byte	-128
 659 0276 CE       		.byte	-50
 660 0277 20       		.byte	32
 661 0278 96       		.byte	-106
 662 0279 10       		.byte	16
 663 027a A7       		.byte	-89
 664 027b 80       		.byte	-128
 665 027c 01       		.byte	1
 666 027d 10       		.byte	16
 667 027e 04       		.byte	4
 668 027f 10       		.byte	16
 669 0280 54       		.byte	84
 670 0281 80       		.byte	-128
 671 0282 58       		.byte	88
 672 0283 20       		.byte	32
 673 0284 C0       		.byte	-64
 674 0285 03       		.byte	3
 675 0286 D4       		.byte	-44
 676 0287 03       		.byte	3
 677 0288 90       		.byte	-112
 678 0289 10       		.byte	16
 679 028a 91       		.byte	-111
 680 028b 10       		.byte	16
 681 028c 9C       		.byte	-100
 682 028d 20       		.byte	32
 683 028e A4       		.byte	-92
 684 028f 80       		.byte	-128
ARM GAS  C:\Users\nikod\AppData\Local\Temp\ccEf6mfK.s 			page 13


 685 0290 90       		.byte	-112
 686 0291 10       		.byte	16
 687 0292 91       		.byte	-111
 688 0293 10       		.byte	16
 689 0294 9C       		.byte	-100
 690 0295 20       		.byte	32
 691 0296 A4       		.byte	-92
 692 0297 80       		.byte	-128
 693 0298 87       		.byte	-121
 694 0299 80       		.byte	-128
 695 029a 96       		.byte	-106
 696 029b 10       		.byte	16
 697 029c A7       		.byte	-89
 698 029d 80       		.byte	-128
 699 029e E6       		.byte	-26
 700 029f 10       		.byte	16
 701 02a0 03       		.byte	3
 702 02a1 10       		.byte	16
 703 02a2 53       		.byte	83
 704 02a3 10       		.byte	16
 705 02a4 83       		.byte	-125
 706 02a5 10       		.byte	16
 707 02a6 8B       		.byte	-117
 708 02a7 10       		.byte	16
 709 02a8 AA       		.byte	-86
 710 02a9 10       		.byte	16
 711 02aa C0       		.byte	-64
 712 02ab 10       		.byte	16
 713 02ac D4       		.byte	-44
 714 02ad 20       		.byte	32
 715 02ae E0       		.byte	-32
 716 02af 20       		.byte	32
 717 02b0 EA       		.byte	-22
 718 02b1 80       		.byte	-128
 719 02b2 10       		.byte	16
 720 02b3 80       		.byte	-128
 721 02b4 13       		.byte	19
 722 02b5 20       		.byte	32
 723 02b6 14       		.byte	20
 724 02b7 20       		.byte	32
 725 02b8 79       		.byte	121
 726 02b9 10       		.byte	16
 727 02ba 7C       		.byte	124
 728 02bb 10       		.byte	16
 729 02bc 90       		.byte	-112
 730 02bd 10       		.byte	16
 731 02be 91       		.byte	-111
 732 02bf 10       		.byte	16
 733 02c0 9C       		.byte	-100
 734 02c1 20       		.byte	32
 735 02c2 A4       		.byte	-92
 736 02c3 80       		.byte	-128
 737 02c4 C4       		.byte	-60
 738 02c5 0E       		.byte	14
 739 02c6 DE       		.byte	-34
 740 02c7 03       		.byte	3
 741 02c8 AB       		.byte	-85
ARM GAS  C:\Users\nikod\AppData\Local\Temp\ccEf6mfK.s 			page 14


 742 02c9 20       		.byte	32
 743 02ca 10       		.byte	16
 744 02cb 01       		.byte	1
 745 02cc 1A       		.byte	26
 746 02cd 01       		.byte	1
 747 02ce 00       		.byte	0
 748 02cf 03       		.byte	3
 749 02d0 03       		.byte	3
 750 02d1 C0       		.byte	-64
 751 02d2 00       		.byte	0
 752 02d3 00       		.byte	0
 753 02d4 00       		.byte	0
 754 02d5 10       		.byte	16
 755 02d6 00       		.byte	0
 756 02d7 00       		.byte	0
 757 02d8 73       		.byte	115
 758 02d9 E7       		.byte	-25
 759 02da 0C       		.byte	12
 760 02db 18       		.byte	24
 761 02dc 7F       		.byte	127
 762 02dd 08       		.byte	8
 763 02de 00       		.byte	0
 764 02df 00       		.byte	0
 765 02e0 01       		.byte	1
 766 02e1 3C       		.byte	60
 767 02e2 00       		.byte	0
 768 02e3 C2       		.byte	-62
 769 02e4 1F       		.byte	31
 770 02e5 FF       		.byte	-1
 771 02e6 60       		.byte	96
 772 02e7 00       		.byte	0
 773 02e8 02       		.byte	2
 774 02e9 80       		.byte	-128
 775 02ea 00       		.byte	0
 776 02eb 00       		.byte	0
 777 02ec 03       		.byte	3
 778 02ed 00       		.byte	0
 779 02ee 00       		.byte	0
 780 02ef 04       		.byte	4
 781 02f0 00       		.byte	0
 782 02f1 00       		.byte	0
 783 02f2 23       		.byte	35
 784 02f3 E3       		.byte	-29
 785 02f4 08       		.byte	8
 786 02f5 44       		.byte	68
 787 02f6 00       		.byte	0
 788 02f7 00       		.byte	0
 789 02f8 04       		.byte	4
 790 02f9 C0       		.byte	-64
 791 02fa 00       		.byte	0
 792 02fb 00       		.byte	0
 793 02fc 0C       		.byte	12
 794 02fd 18       		.byte	24
 795 02fe 00       		.byte	0
 796 02ff 00       		.byte	0
 797 0300 1C       		.byte	28
 798 0301 1C       		.byte	28
ARM GAS  C:\Users\nikod\AppData\Local\Temp\ccEf6mfK.s 			page 15


 799 0302 63       		.byte	99
 800 0303 E1       		.byte	-31
 801 0304 2C       		.byte	44
 802 0305 1F       		.byte	31
 803 0306 10       		.byte	16
 804 0307 00       		.byte	0
 805 0308 0F       		.byte	15
 806 0309 38       		.byte	56
 807 030a 40       		.byte	64
 808 030b C0       		.byte	-64
 809 030c 80       		.byte	-128
 810 030d 00       		.byte	0
 811 030e 22       		.byte	34
 812 030f 0A       		.byte	10
 813 0310 00       		.byte	0
 814 0311 00       		.byte	0
 815 0312 04       		.byte	4
 816 0313 00       		.byte	0
 817 0314 25       		.byte	37
 818 0315 03       		.byte	3
 819 0316 06       		.byte	6
 820 0317 00       		.byte	0
 821 0318 01       		.byte	1
 822 0319 E0       		.byte	-32
 823 031a 00       		.byte	0
 824 031b C0       		.byte	-64
 825 031c 22       		.byte	34
 826 031d FF       		.byte	-1
 827 031e FF       		.byte	-1
 828 031f FF       		.byte	-1
 829 0320 62       		.byte	98
 830 0321 A0       		.byte	-96
 831 0322 F0       		.byte	-16
 832 0323 41       		.byte	65
 833 0324 0C       		.byte	12
 834 0325 00       		.byte	0
 835 0326 00       		.byte	0
 836 0327 00       		.byte	0
 837 0328 00       		.byte	0
 838 0329 00       		.byte	0
 839 032a 02       		.byte	2
 840 032b 11       		.byte	17
 841 032c 04       		.byte	4
 842 032d 04       		.byte	4
 843 032e 04       		.byte	4
 844 032f 04       		.byte	4
 845 0330 00       		.byte	0
 846 0331 00       		.byte	0
 847 0332 00       		.byte	0
 848 0333 01       		.byte	1
 849 0334 00       		.byte	0
 850 0335 00       		.byte	0
 851 0336 00       		.byte	0
 852 0337 00       		.byte	0
 853 0338 00       		.byte	0
 854 0339 00       		.byte	0
 855 033a 40       		.byte	64
ARM GAS  C:\Users\nikod\AppData\Local\Temp\ccEf6mfK.s 			page 16


 856 033b 02       		.byte	2
 857 033c 00       		.byte	0
 858 033d 10       		.byte	16
 859 033e 30       		.byte	48
 860 033f 10       		.byte	16
 861 0340 00       		.byte	0
 862 0341 10       		.byte	16
 863 0342 10       		.byte	16
 864 0343 12       		.byte	18
 865 0344 00       		.byte	0
 866 0345 00       		.byte	0
 867 0346 00       		.byte	0
 868 0347 00       		.byte	0
 869 0348 00       		.byte	0
 870 0349 00       		.byte	0
 871 034a 00       		.byte	0
 872 034b 00       		.byte	0
 873 034c 00       		.byte	0
 874 034d 00       		.byte	0
 875 034e 00       		.byte	0
 876 034f 00       		.byte	0
 877 0350 00       		.byte	0
 878 0351 00       		.byte	0
 879 0352 00       		.byte	0
 880 0353 00       		.byte	0
 881 0354 00       		.byte	0
 882 0355 0B       		.byte	11
 883 0356 0B       		.byte	11
 884 0357 00       		.byte	0
 885 0358 00       		.byte	0
 886 0359 00       		.byte	0
 887 035a 00       		.byte	0
 888 035b 00       		.byte	0
 889 035c 00       		.byte	0
 890 035d 22       		.byte	34
 891 035e 2E       		.byte	46
 892 035f 00       		.byte	0
 893 0360 0C       		.byte	12
 894 0361 00       		.byte	0
 895 0362 00       		.byte	0
 896 0363 00       		.byte	0
 897 0364 02       		.byte	2
 898 0365 00       		.byte	0
 899 0366 01       		.byte	1
 900 0367 02       		.byte	2
 901 0368 02       		.byte	2
 902 0369 00       		.byte	0
 903 036a 02       		.byte	2
 904 036b 00       		.byte	0
 905 036c 04       		.byte	4
 906 036d 00       		.byte	0
 907 036e 00       		.byte	0
 908 036f 00       		.byte	0
 909              		.section	.cywolatch,"a",%progbits
 910              		.align	2
 911              		.type	cy_meta_wonvl, %object
 912              		.size	cy_meta_wonvl, 4
ARM GAS  C:\Users\nikod\AppData\Local\Temp\ccEf6mfK.s 			page 17


 913              	cy_meta_wonvl:
 914 0000 BC       		.byte	-68
 915 0001 90       		.byte	-112
 916 0002 AC       		.byte	-84
 917 0003 AF       		.byte	-81
 918              		.section	.cycustnvl,"a",%progbits
 919              		.align	2
 920              		.type	cy_meta_custnvl, %object
 921              		.size	cy_meta_custnvl, 4
 922              	cy_meta_custnvl:
 923 0000 00       		.byte	0
 924 0001 00       		.byte	0
 925 0002 40       		.byte	64
 926 0003 05       		.byte	5
 927              		.section	.cymeta,"a",%progbits
 928              		.align	2
 929              		.type	cy_metadata, %object
 930              		.size	cy_metadata, 12
 931              	cy_metadata:
 932 0000 00       		.byte	0
 933 0001 01       		.byte	1
 934 0002 2E       		.byte	46
 935 0003 16       		.byte	22
 936 0004 10       		.byte	16
 937 0005 69       		.byte	105
 938 0006 00       		.byte	0
 939 0007 01       		.byte	1
 940 0008 00       		.byte	0
 941 0009 00       		.byte	0
 942 000a 00       		.byte	0
 943 000b 00       		.byte	0
 944              		.section	.cyflashprotect,"a",%progbits
 945              		.align	2
 946              		.type	cy_meta_flashprotect, %object
 947              		.size	cy_meta_flashprotect, 256
 948              	cy_meta_flashprotect:
 949 0000 00000000 		.space	256
 949      00000000 
 949      00000000 
 949      00000000 
 949      00000000 
 950              		.text
 951              	.Letext0:
 952              		.file 1 "c:\\program files (x86)\\cypress\\psoc creator\\4.2\\psoc creator\\import\\gnu\\arm\\5.4.
 953              		.file 2 "c:\\program files (x86)\\cypress\\psoc creator\\4.2\\psoc creator\\import\\gnu\\arm\\5.4.
 954              		.file 3 "Generated_Source\\PSoC5\\cymetadata.c"
 955              		.section	.debug_info,"",%progbits
 956              	.Ldebug_info0:
 957 0000 31010000 		.4byte	0x131
 958 0004 0400     		.2byte	0x4
 959 0006 00000000 		.4byte	.Ldebug_abbrev0
 960 000a 04       		.byte	0x4
 961 000b 01       		.uleb128 0x1
 962 000c 24000000 		.4byte	.LASF17
 963 0010 0C       		.byte	0xc
 964 0011 D6010000 		.4byte	.LASF18
 965 0015 F9000000 		.4byte	.LASF19
ARM GAS  C:\Users\nikod\AppData\Local\Temp\ccEf6mfK.s 			page 18


 966 0019 00000000 		.4byte	.Ldebug_line0
 967 001d 02       		.uleb128 0x2
 968 001e 01       		.byte	0x1
 969 001f 06       		.byte	0x6
 970 0020 CA010000 		.4byte	.LASF0
 971 0024 03       		.uleb128 0x3
 972 0025 00000000 		.4byte	.LASF9
 973 0029 01       		.byte	0x1
 974 002a 1D       		.byte	0x1d
 975 002b 2F000000 		.4byte	0x2f
 976 002f 02       		.uleb128 0x2
 977 0030 01       		.byte	0x1
 978 0031 08       		.byte	0x8
 979 0032 16000000 		.4byte	.LASF1
 980 0036 02       		.uleb128 0x2
 981 0037 02       		.byte	0x2
 982 0038 05       		.byte	0x5
 983 0039 B7010000 		.4byte	.LASF2
 984 003d 02       		.uleb128 0x2
 985 003e 02       		.byte	0x2
 986 003f 07       		.byte	0x7
 987 0040 C4000000 		.4byte	.LASF3
 988 0044 02       		.uleb128 0x2
 989 0045 04       		.byte	0x4
 990 0046 05       		.byte	0x5
 991 0047 C1010000 		.4byte	.LASF4
 992 004b 02       		.uleb128 0x2
 993 004c 04       		.byte	0x4
 994 004d 07       		.byte	0x7
 995 004e B2000000 		.4byte	.LASF5
 996 0052 02       		.uleb128 0x2
 997 0053 08       		.byte	0x8
 998 0054 05       		.byte	0x5
 999 0055 A9010000 		.4byte	.LASF6
 1000 0059 02       		.uleb128 0x2
 1001 005a 08       		.byte	0x8
 1002 005b 07       		.byte	0x7
 1003 005c 5E010000 		.4byte	.LASF7
 1004 0060 04       		.uleb128 0x4
 1005 0061 04       		.byte	0x4
 1006 0062 05       		.byte	0x5
 1007 0063 696E7400 		.ascii	"int\000"
 1008 0067 02       		.uleb128 0x2
 1009 0068 04       		.byte	0x4
 1010 0069 07       		.byte	0x7
 1011 006a 51010000 		.4byte	.LASF8
 1012 006e 03       		.uleb128 0x3
 1013 006f 75010000 		.4byte	.LASF10
 1014 0073 02       		.byte	0x2
 1015 0074 18       		.byte	0x18
 1016 0075 24000000 		.4byte	0x24
 1017 0079 05       		.uleb128 0x5
 1018 007a 91000000 		.4byte	0x91
 1019 007e 8A000000 		.4byte	0x8a
 1020 0082 06       		.uleb128 0x6
 1021 0083 8A000000 		.4byte	0x8a
 1022 0087 6F03     		.2byte	0x36f
ARM GAS  C:\Users\nikod\AppData\Local\Temp\ccEf6mfK.s 			page 19


 1023 0089 00       		.byte	0
 1024 008a 02       		.uleb128 0x2
 1025 008b 04       		.byte	0x4
 1026 008c 07       		.byte	0x7
 1027 008d A0010000 		.4byte	.LASF11
 1028 0091 07       		.uleb128 0x7
 1029 0092 6E000000 		.4byte	0x6e
 1030 0096 08       		.uleb128 0x8
 1031 0097 E7000000 		.4byte	.LASF12
 1032 009b 03       		.byte	0x3
 1033 009c 1F       		.byte	0x1f
 1034 009d A7000000 		.4byte	0xa7
 1035 00a1 05       		.uleb128 0x5
 1036 00a2 03       		.byte	0x3
 1037 00a3 00000000 		.4byte	cy_meta_configecc
 1038 00a7 07       		.uleb128 0x7
 1039 00a8 79000000 		.4byte	0x79
 1040 00ac 05       		.uleb128 0x5
 1041 00ad 91000000 		.4byte	0x91
 1042 00b1 BC000000 		.4byte	0xbc
 1043 00b5 09       		.uleb128 0x9
 1044 00b6 8A000000 		.4byte	0x8a
 1045 00ba 03       		.byte	0x3
 1046 00bb 00       		.byte	0
 1047 00bc 08       		.uleb128 0x8
 1048 00bd D7000000 		.4byte	.LASF13
 1049 00c1 03       		.byte	0x3
 1050 00c2 9A       		.byte	0x9a
 1051 00c3 CD000000 		.4byte	0xcd
 1052 00c7 05       		.uleb128 0x5
 1053 00c8 03       		.byte	0x3
 1054 00c9 00000000 		.4byte	cy_meta_custnvl
 1055 00cd 07       		.uleb128 0x7
 1056 00ce AC000000 		.4byte	0xac
 1057 00d2 08       		.uleb128 0x8
 1058 00d3 92010000 		.4byte	.LASF14
 1059 00d7 03       		.byte	0x3
 1060 00d8 A8       		.byte	0xa8
 1061 00d9 E3000000 		.4byte	0xe3
 1062 00dd 05       		.uleb128 0x5
 1063 00de 03       		.byte	0x3
 1064 00df 00000000 		.4byte	cy_meta_wonvl
 1065 00e3 07       		.uleb128 0x7
 1066 00e4 AC000000 		.4byte	0xac
 1067 00e8 05       		.uleb128 0x5
 1068 00e9 91000000 		.4byte	0x91
 1069 00ed F8000000 		.4byte	0xf8
 1070 00f1 09       		.uleb128 0x9
 1071 00f2 8A000000 		.4byte	0x8a
 1072 00f6 FF       		.byte	0xff
 1073 00f7 00       		.byte	0
 1074 00f8 08       		.uleb128 0x8
 1075 00f9 7D010000 		.4byte	.LASF15
 1076 00fd 03       		.byte	0x3
 1077 00fe B6       		.byte	0xb6
 1078 00ff 09010000 		.4byte	0x109
 1079 0103 05       		.uleb128 0x5
ARM GAS  C:\Users\nikod\AppData\Local\Temp\ccEf6mfK.s 			page 20


 1080 0104 03       		.byte	0x3
 1081 0105 00000000 		.4byte	cy_meta_flashprotect
 1082 0109 07       		.uleb128 0x7
 1083 010a E8000000 		.4byte	0xe8
 1084 010e 05       		.uleb128 0x5
 1085 010f 91000000 		.4byte	0x91
 1086 0113 1E010000 		.4byte	0x11e
 1087 0117 09       		.uleb128 0x9
 1088 0118 8A000000 		.4byte	0x8a
 1089 011c 0B       		.byte	0xb
 1090 011d 00       		.byte	0
 1091 011e 08       		.uleb128 0x8
 1092 011f 0A000000 		.4byte	.LASF16
 1093 0123 03       		.byte	0x3
 1094 0124 E3       		.byte	0xe3
 1095 0125 2F010000 		.4byte	0x12f
 1096 0129 05       		.uleb128 0x5
 1097 012a 03       		.byte	0x3
 1098 012b 00000000 		.4byte	cy_metadata
 1099 012f 07       		.uleb128 0x7
 1100 0130 0E010000 		.4byte	0x10e
 1101 0134 00       		.byte	0
 1102              		.section	.debug_abbrev,"",%progbits
 1103              	.Ldebug_abbrev0:
 1104 0000 01       		.uleb128 0x1
 1105 0001 11       		.uleb128 0x11
 1106 0002 01       		.byte	0x1
 1107 0003 25       		.uleb128 0x25
 1108 0004 0E       		.uleb128 0xe
 1109 0005 13       		.uleb128 0x13
 1110 0006 0B       		.uleb128 0xb
 1111 0007 03       		.uleb128 0x3
 1112 0008 0E       		.uleb128 0xe
 1113 0009 1B       		.uleb128 0x1b
 1114 000a 0E       		.uleb128 0xe
 1115 000b 10       		.uleb128 0x10
 1116 000c 17       		.uleb128 0x17
 1117 000d 00       		.byte	0
 1118 000e 00       		.byte	0
 1119 000f 02       		.uleb128 0x2
 1120 0010 24       		.uleb128 0x24
 1121 0011 00       		.byte	0
 1122 0012 0B       		.uleb128 0xb
 1123 0013 0B       		.uleb128 0xb
 1124 0014 3E       		.uleb128 0x3e
 1125 0015 0B       		.uleb128 0xb
 1126 0016 03       		.uleb128 0x3
 1127 0017 0E       		.uleb128 0xe
 1128 0018 00       		.byte	0
 1129 0019 00       		.byte	0
 1130 001a 03       		.uleb128 0x3
 1131 001b 16       		.uleb128 0x16
 1132 001c 00       		.byte	0
 1133 001d 03       		.uleb128 0x3
 1134 001e 0E       		.uleb128 0xe
 1135 001f 3A       		.uleb128 0x3a
 1136 0020 0B       		.uleb128 0xb
ARM GAS  C:\Users\nikod\AppData\Local\Temp\ccEf6mfK.s 			page 21


 1137 0021 3B       		.uleb128 0x3b
 1138 0022 0B       		.uleb128 0xb
 1139 0023 49       		.uleb128 0x49
 1140 0024 13       		.uleb128 0x13
 1141 0025 00       		.byte	0
 1142 0026 00       		.byte	0
 1143 0027 04       		.uleb128 0x4
 1144 0028 24       		.uleb128 0x24
 1145 0029 00       		.byte	0
 1146 002a 0B       		.uleb128 0xb
 1147 002b 0B       		.uleb128 0xb
 1148 002c 3E       		.uleb128 0x3e
 1149 002d 0B       		.uleb128 0xb
 1150 002e 03       		.uleb128 0x3
 1151 002f 08       		.uleb128 0x8
 1152 0030 00       		.byte	0
 1153 0031 00       		.byte	0
 1154 0032 05       		.uleb128 0x5
 1155 0033 01       		.uleb128 0x1
 1156 0034 01       		.byte	0x1
 1157 0035 49       		.uleb128 0x49
 1158 0036 13       		.uleb128 0x13
 1159 0037 01       		.uleb128 0x1
 1160 0038 13       		.uleb128 0x13
 1161 0039 00       		.byte	0
 1162 003a 00       		.byte	0
 1163 003b 06       		.uleb128 0x6
 1164 003c 21       		.uleb128 0x21
 1165 003d 00       		.byte	0
 1166 003e 49       		.uleb128 0x49
 1167 003f 13       		.uleb128 0x13
 1168 0040 2F       		.uleb128 0x2f
 1169 0041 05       		.uleb128 0x5
 1170 0042 00       		.byte	0
 1171 0043 00       		.byte	0
 1172 0044 07       		.uleb128 0x7
 1173 0045 26       		.uleb128 0x26
 1174 0046 00       		.byte	0
 1175 0047 49       		.uleb128 0x49
 1176 0048 13       		.uleb128 0x13
 1177 0049 00       		.byte	0
 1178 004a 00       		.byte	0
 1179 004b 08       		.uleb128 0x8
 1180 004c 34       		.uleb128 0x34
 1181 004d 00       		.byte	0
 1182 004e 03       		.uleb128 0x3
 1183 004f 0E       		.uleb128 0xe
 1184 0050 3A       		.uleb128 0x3a
 1185 0051 0B       		.uleb128 0xb
 1186 0052 3B       		.uleb128 0x3b
 1187 0053 0B       		.uleb128 0xb
 1188 0054 49       		.uleb128 0x49
 1189 0055 13       		.uleb128 0x13
 1190 0056 3F       		.uleb128 0x3f
 1191 0057 19       		.uleb128 0x19
 1192 0058 02       		.uleb128 0x2
 1193 0059 18       		.uleb128 0x18
ARM GAS  C:\Users\nikod\AppData\Local\Temp\ccEf6mfK.s 			page 22


 1194 005a 00       		.byte	0
 1195 005b 00       		.byte	0
 1196 005c 09       		.uleb128 0x9
 1197 005d 21       		.uleb128 0x21
 1198 005e 00       		.byte	0
 1199 005f 49       		.uleb128 0x49
 1200 0060 13       		.uleb128 0x13
 1201 0061 2F       		.uleb128 0x2f
 1202 0062 0B       		.uleb128 0xb
 1203 0063 00       		.byte	0
 1204 0064 00       		.byte	0
 1205 0065 00       		.byte	0
 1206              		.section	.debug_aranges,"",%progbits
 1207 0000 14000000 		.4byte	0x14
 1208 0004 0200     		.2byte	0x2
 1209 0006 00000000 		.4byte	.Ldebug_info0
 1210 000a 04       		.byte	0x4
 1211 000b 00       		.byte	0
 1212 000c 0000     		.2byte	0
 1213 000e 0000     		.2byte	0
 1214 0010 00000000 		.4byte	0
 1215 0014 00000000 		.4byte	0
 1216              		.section	.debug_line,"",%progbits
 1217              	.Ldebug_line0:
 1218 0000 3D010000 		.section	.debug_str,"MS",%progbits,1
 1218      02003701 
 1218      00000201 
 1218      FB0E0D00 
 1218      01010101 
 1219              	.LASF9:
 1220 0000 5F5F7569 		.ascii	"__uint8_t\000"
 1220      6E74385F 
 1220      7400
 1221              	.LASF16:
 1222 000a 63795F6D 		.ascii	"cy_metadata\000"
 1222      65746164 
 1222      61746100 
 1223              	.LASF1:
 1224 0016 756E7369 		.ascii	"unsigned char\000"
 1224      676E6564 
 1224      20636861 
 1224      7200
 1225              	.LASF17:
 1226 0024 474E5520 		.ascii	"GNU C11 5.4.1 20160609 (release) [ARM/embedded-5-br"
 1226      43313120 
 1226      352E342E 
 1226      31203230 
 1226      31363036 
 1227 0057 616E6368 		.ascii	"anch revision 237715] -mcpu=cortex-m3 -mthumb -g -O"
 1227      20726576 
 1227      6973696F 
 1227      6E203233 
 1227      37373135 
 1228 008a 67202D66 		.ascii	"g -ffunction-sections -ffat-lto-objects\000"
 1228      66756E63 
 1228      74696F6E 
 1228      2D736563 
ARM GAS  C:\Users\nikod\AppData\Local\Temp\ccEf6mfK.s 			page 23


 1228      74696F6E 
 1229              	.LASF5:
 1230 00b2 6C6F6E67 		.ascii	"long unsigned int\000"
 1230      20756E73 
 1230      69676E65 
 1230      6420696E 
 1230      7400
 1231              	.LASF3:
 1232 00c4 73686F72 		.ascii	"short unsigned int\000"
 1232      7420756E 
 1232      7369676E 
 1232      65642069 
 1232      6E7400
 1233              	.LASF13:
 1234 00d7 63795F6D 		.ascii	"cy_meta_custnvl\000"
 1234      6574615F 
 1234      63757374 
 1234      6E766C00 
 1235              	.LASF12:
 1236 00e7 63795F6D 		.ascii	"cy_meta_configecc\000"
 1236      6574615F 
 1236      636F6E66 
 1236      69676563 
 1236      6300
 1237              	.LASF19:
 1238 00f9 433A5C55 		.ascii	"C:\\Users\\nikod\\Documents\\PSoC Creator\\gp2y0e03"
 1238      73657273 
 1238      5C6E696B 
 1238      6F645C44 
 1238      6F63756D 
 1239 0127 5F50736F 		.ascii	"_Psoc_5\\Workspace01\\SensorDistancia.cydsn\000"
 1239      635F355C 
 1239      576F726B 
 1239      73706163 
 1239      6530315C 
 1240              	.LASF8:
 1241 0151 756E7369 		.ascii	"unsigned int\000"
 1241      676E6564 
 1241      20696E74 
 1241      00
 1242              	.LASF7:
 1243 015e 6C6F6E67 		.ascii	"long long unsigned int\000"
 1243      206C6F6E 
 1243      6720756E 
 1243      7369676E 
 1243      65642069 
 1244              	.LASF10:
 1245 0175 75696E74 		.ascii	"uint8_t\000"
 1245      385F7400 
 1246              	.LASF15:
 1247 017d 63795F6D 		.ascii	"cy_meta_flashprotect\000"
 1247      6574615F 
 1247      666C6173 
 1247      6870726F 
 1247      74656374 
 1248              	.LASF14:
 1249 0192 63795F6D 		.ascii	"cy_meta_wonvl\000"
ARM GAS  C:\Users\nikod\AppData\Local\Temp\ccEf6mfK.s 			page 24


 1249      6574615F 
 1249      776F6E76 
 1249      6C00
 1250              	.LASF11:
 1251 01a0 73697A65 		.ascii	"sizetype\000"
 1251      74797065 
 1251      00
 1252              	.LASF6:
 1253 01a9 6C6F6E67 		.ascii	"long long int\000"
 1253      206C6F6E 
 1253      6720696E 
 1253      7400
 1254              	.LASF2:
 1255 01b7 73686F72 		.ascii	"short int\000"
 1255      7420696E 
 1255      7400
 1256              	.LASF4:
 1257 01c1 6C6F6E67 		.ascii	"long int\000"
 1257      20696E74 
 1257      00
 1258              	.LASF0:
 1259 01ca 7369676E 		.ascii	"signed char\000"
 1259      65642063 
 1259      68617200 
 1260              	.LASF18:
 1261 01d6 47656E65 		.ascii	"Generated_Source\\PSoC5\\cymetadata.c\000"
 1261      72617465 
 1261      645F536F 
 1261      75726365 
 1261      5C50536F 
 1262              		.ident	"GCC: (GNU Tools for ARM Embedded Processors) 5.4.1 20160609 (release) [ARM/embedded-5-bran
