ARM GAS  C:\Users\LASER_2\AppData\Local\Temp\cc86oOBX.s 			page 1


   1              		.syntax unified
   2              		.cpu cortex-m3
   3              		.fpu softvfp
   4              		.eabi_attribute 20, 1
   5              		.eabi_attribute 21, 1
   6              		.eabi_attribute 23, 3
   7              		.eabi_attribute 24, 1
   8              		.eabi_attribute 25, 1
   9              		.eabi_attribute 26, 1
  10              		.eabi_attribute 30, 1
  11              		.eabi_attribute 34, 1
  12              		.eabi_attribute 18, 4
  13              		.thumb
  14              		.syntax unified
  15              		.file	"main.c"
  16              		.text
  17              	.Ltext0:
  18              		.cfi_sections	.debug_frame
  19              		.section	.text.InterrupRx,"ax",%progbits
  20              		.align	2
  21              		.global	InterrupRx
  22              		.thumb
  23              		.thumb_func
  24              		.type	InterrupRx, %function
  25              	InterrupRx:
  26              	.LFB64:
  27              		.file 1 "main.c"
   1:main.c        **** #include "project.h"
   2:main.c        **** #include <string.h>
   3:main.c        **** #include <stdio.h>
   4:main.c        **** #include <stdbool.h>
   5:main.c        **** #include "GP2Y0E03.h"
   6:main.c        **** #define GP2Y0Ed          0x40//default
   7:main.c        **** 
   8:main.c        **** char buffer2[12]={};
   9:main.c        **** volatile char dato;
  10:main.c        **** char distance_cm=0;
  11:main.c        **** 
  12:main.c        **** CY_ISR(InterrupRx){
  28              		.loc 1 12 0
  29              		.cfi_startproc
  30              		@ args = 0, pretend = 0, frame = 0
  31              		@ frame_needed = 0, uses_anonymous_args = 0
  32 0000 08B5     		push	{r3, lr}
  33              		.cfi_def_cfa_offset 8
  34              		.cfi_offset 3, -8
  35              		.cfi_offset 14, -4
  13:main.c        ****     dato=UART_GetChar();//recibe el dato del bluetooth
  36              		.loc 1 13 0
  37 0002 FFF7FEFF 		bl	UART_GetChar
  38              	.LVL0:
  39 0006 024B     		ldr	r3, .L3
  40 0008 1870     		strb	r0, [r3]
  14:main.c        ****     switch (dato){
  41              		.loc 1 14 0
  42 000a 1B78     		ldrb	r3, [r3]	@ zero_extendqisi2
  43 000c 08BD     		pop	{r3, pc}
ARM GAS  C:\Users\LASER_2\AppData\Local\Temp\cc86oOBX.s 			page 2


  44              	.L4:
  45 000e 00BF     		.align	2
  46              	.L3:
  47 0010 00000000 		.word	dato
  48              		.cfi_endproc
  49              	.LFE64:
  50              		.size	InterrupRx, .-InterrupRx
  51              		.section	.text.main,"ax",%progbits
  52              		.align	2
  53              		.global	main
  54              		.thumb
  55              		.thumb_func
  56              		.type	main, %function
  57              	main:
  58              	.LFB65:
  15:main.c        ****         case '5':{            
  16:main.c        ****             break;
  17:main.c        ****         }
  18:main.c        ****         
  19:main.c        ****         case '6':
  20:main.c        ****         {   
  21:main.c        ****             
  22:main.c        ****             break;
  23:main.c        ****         }
  24:main.c        ****         default:
  25:main.c        ****         {
  26:main.c        ****             break;
  27:main.c        ****         }
  28:main.c        ****     }
  29:main.c        **** }
  30:main.c        **** 
  31:main.c        **** 
  32:main.c        **** 
  33:main.c        **** int main(void)
  34:main.c        **** {
  59              		.loc 1 34 0
  60              		.cfi_startproc
  61              		@ Volatile: function does not return.
  62              		@ args = 0, pretend = 0, frame = 0
  63              		@ frame_needed = 0, uses_anonymous_args = 0
  64 0000 08B5     		push	{r3, lr}
  65              		.cfi_def_cfa_offset 8
  66              		.cfi_offset 3, -8
  67              		.cfi_offset 14, -4
  35:main.c        ****     /*Instancia lo modulos */
  36:main.c        ****     CyGlobalIntEnable; /* Enable global interrupts. */
  68              		.loc 1 36 0
  69              		.syntax unified
  70              	@ 36 "main.c" 1
  71 0002 62B6     		CPSIE   i
  72              	@ 0 "" 2
  37:main.c        ****     /*Inicia los Modulos */
  38:main.c        ****     UART_Start(); 
  73              		.loc 1 38 0
  74              		.thumb
  75              		.syntax unified
  76 0004 FFF7FEFF 		bl	UART_Start
ARM GAS  C:\Users\LASER_2\AppData\Local\Temp\cc86oOBX.s 			page 3


  77              	.LVL1:
  39:main.c        ****     IRQRX_StartEx(InterrupRx);
  78              		.loc 1 39 0
  79 0008 1548     		ldr	r0, .L8
  80 000a FFF7FEFF 		bl	IRQRX_StartEx
  81              	.LVL2:
  40:main.c        ****     UART_PutString("Iniciando\r\n");
  82              		.loc 1 40 0
  83 000e 1548     		ldr	r0, .L8+4
  84 0010 FFF7FEFF 		bl	UART_PutString
  85              	.LVL3:
  41:main.c        ****     DS_init(GP2Y0Ed);//Inicia sensor de distancia
  86              		.loc 1 41 0
  87 0014 4020     		movs	r0, #64
  88 0016 FFF7FEFF 		bl	DS_init
  89              	.LVL4:
  42:main.c        ****     DS_init(0x60);
  90              		.loc 1 42 0
  91 001a 6020     		movs	r0, #96
  92 001c FFF7FEFF 		bl	DS_init
  93              	.LVL5:
  94              	.L6:
  43:main.c        ****     
  44:main.c        ****     
  45:main.c        ****     for(;;)
  46:main.c        ****     {
  47:main.c        ****     sprintf(buffer2,"Distancia 1: %d\n\r",DS_get_data(GP2Y0Ed));
  95              		.loc 1 47 0 discriminator 1
  96 0020 4020     		movs	r0, #64
  97 0022 FFF7FEFF 		bl	DS_get_data
  98              	.LVL6:
  99 0026 104C     		ldr	r4, .L8+8
 100 0028 0246     		mov	r2, r0
 101 002a 1049     		ldr	r1, .L8+12
 102 002c 2046     		mov	r0, r4
 103 002e FFF7FEFF 		bl	sprintf
 104              	.LVL7:
  48:main.c        **** 	UART_PutString(buffer2);
 105              		.loc 1 48 0 discriminator 1
 106 0032 2046     		mov	r0, r4
 107 0034 FFF7FEFF 		bl	UART_PutString
 108              	.LVL8:
  49:main.c        **** 	CyDelay(1000);
 109              		.loc 1 49 0 discriminator 1
 110 0038 4FF47A70 		mov	r0, #1000
 111 003c FFF7FEFF 		bl	CyDelay
 112              	.LVL9:
  50:main.c        ****     
  51:main.c        ****     sprintf(buffer2,"Distancia 2: %d\n\r",DS_get_data(0x60));
 113              		.loc 1 51 0 discriminator 1
 114 0040 6020     		movs	r0, #96
 115 0042 FFF7FEFF 		bl	DS_get_data
 116              	.LVL10:
 117 0046 0246     		mov	r2, r0
 118 0048 0949     		ldr	r1, .L8+16
 119 004a 2046     		mov	r0, r4
 120 004c FFF7FEFF 		bl	sprintf
ARM GAS  C:\Users\LASER_2\AppData\Local\Temp\cc86oOBX.s 			page 4


 121              	.LVL11:
  52:main.c        **** 	UART_PutString(buffer2);
 122              		.loc 1 52 0 discriminator 1
 123 0050 2046     		mov	r0, r4
 124 0052 FFF7FEFF 		bl	UART_PutString
 125              	.LVL12:
  53:main.c        ****     CyDelay(1000);
 126              		.loc 1 53 0 discriminator 1
 127 0056 4FF47A70 		mov	r0, #1000
 128 005a FFF7FEFF 		bl	CyDelay
 129              	.LVL13:
 130 005e DFE7     		b	.L6
 131              	.L9:
 132              		.align	2
 133              	.L8:
 134 0060 00000000 		.word	InterrupRx
 135 0064 00000000 		.word	.LC0
 136 0068 00000000 		.word	.LANCHOR0
 137 006c 0C000000 		.word	.LC1
 138 0070 20000000 		.word	.LC2
 139              		.cfi_endproc
 140              	.LFE65:
 141              		.size	main, .-main
 142              		.global	distance_cm
 143              		.comm	dato,1,1
 144              		.global	buffer2
 145              		.section	.rodata.str1.4,"aMS",%progbits,1
 146              		.align	2
 147              	.LC0:
 148 0000 496E6963 		.ascii	"Iniciando\015\012\000"
 148      69616E64 
 148      6F0D0A00 
 149              	.LC1:
 150 000c 44697374 		.ascii	"Distancia 1: %d\012\015\000"
 150      616E6369 
 150      6120313A 
 150      2025640A 
 150      0D00
 151 001e 0000     		.space	2
 152              	.LC2:
 153 0020 44697374 		.ascii	"Distancia 2: %d\012\015\000"
 153      616E6369 
 153      6120323A 
 153      2025640A 
 153      0D00
 154              		.bss
 155              		.align	2
 156              		.set	.LANCHOR0,. + 0
 157              		.type	buffer2, %object
 158              		.size	buffer2, 12
 159              	buffer2:
 160 0000 00000000 		.space	12
 160      00000000 
 160      00000000 
 161              		.type	distance_cm, %object
 162              		.size	distance_cm, 1
 163              	distance_cm:
ARM GAS  C:\Users\LASER_2\AppData\Local\Temp\cc86oOBX.s 			page 5


 164 000c 00       		.space	1
 165              		.text
 166              	.Letext0:
 167              		.file 2 "c:\\program files (x86)\\cypress\\psoc creator\\4.2\\psoc creator\\import\\gnu\\arm\\5.4.
 168              		.file 3 "c:\\program files (x86)\\cypress\\psoc creator\\4.2\\psoc creator\\import\\gnu\\arm\\5.4.
 169              		.file 4 "Generated_Source\\PSoC5/core_cm3.h"
 170              		.file 5 "Generated_Source\\PSoC5/UART.h"
 171              		.file 6 "Generated_Source\\PSoC5/IRQRX.h"
 172              		.file 7 "GP2Y0E03.h"
 173              		.file 8 "c:\\program files (x86)\\cypress\\psoc creator\\4.2\\psoc creator\\import\\gnu\\arm\\5.4.
 174              		.file 9 "Generated_Source\\PSoC5/CyLib.h"
 175              		.section	.debug_info,"",%progbits
 176              	.Ldebug_info0:
 177 0000 9A020000 		.4byte	0x29a
 178 0004 0400     		.2byte	0x4
 179 0006 00000000 		.4byte	.Ldebug_abbrev0
 180 000a 04       		.byte	0x4
 181 000b 01       		.uleb128 0x1
 182 000c 1E000000 		.4byte	.LASF28
 183 0010 0C       		.byte	0xc
 184 0011 C5010000 		.4byte	.LASF29
 185 0015 0E010000 		.4byte	.LASF30
 186 0019 00000000 		.4byte	.Ldebug_ranges0+0
 187 001d 00000000 		.4byte	0
 188 0021 00000000 		.4byte	.Ldebug_line0
 189 0025 02       		.uleb128 0x2
 190 0026 01       		.byte	0x1
 191 0027 06       		.byte	0x6
 192 0028 10020000 		.4byte	.LASF0
 193 002c 02       		.uleb128 0x2
 194 002d 01       		.byte	0x1
 195 002e 08       		.byte	0x8
 196 002f 10000000 		.4byte	.LASF1
 197 0033 02       		.uleb128 0x2
 198 0034 02       		.byte	0x2
 199 0035 05       		.byte	0x5
 200 0036 DE010000 		.4byte	.LASF2
 201 003a 02       		.uleb128 0x2
 202 003b 02       		.byte	0x2
 203 003c 07       		.byte	0x7
 204 003d CA000000 		.4byte	.LASF3
 205 0041 03       		.uleb128 0x3
 206 0042 00000000 		.4byte	.LASF9
 207 0046 02       		.byte	0x2
 208 0047 3F       		.byte	0x3f
 209 0048 4C000000 		.4byte	0x4c
 210 004c 02       		.uleb128 0x2
 211 004d 04       		.byte	0x4
 212 004e 05       		.byte	0x5
 213 004f FB010000 		.4byte	.LASF4
 214 0053 02       		.uleb128 0x2
 215 0054 04       		.byte	0x4
 216 0055 07       		.byte	0x7
 217 0056 AC000000 		.4byte	.LASF5
 218 005a 02       		.uleb128 0x2
 219 005b 08       		.byte	0x8
 220 005c 05       		.byte	0x5
ARM GAS  C:\Users\LASER_2\AppData\Local\Temp\cc86oOBX.s 			page 6


 221 005d B7010000 		.4byte	.LASF6
 222 0061 02       		.uleb128 0x2
 223 0062 08       		.byte	0x8
 224 0063 07       		.byte	0x7
 225 0064 83010000 		.4byte	.LASF7
 226 0068 04       		.uleb128 0x4
 227 0069 04       		.byte	0x4
 228 006a 05       		.byte	0x5
 229 006b 696E7400 		.ascii	"int\000"
 230 006f 02       		.uleb128 0x2
 231 0070 04       		.byte	0x4
 232 0071 07       		.byte	0x7
 233 0072 68010000 		.4byte	.LASF8
 234 0076 03       		.uleb128 0x3
 235 0077 A6010000 		.4byte	.LASF10
 236 007b 03       		.byte	0x3
 237 007c 2C       		.byte	0x2c
 238 007d 41000000 		.4byte	0x41
 239 0081 02       		.uleb128 0x2
 240 0082 04       		.byte	0x4
 241 0083 04       		.byte	0x4
 242 0084 0A000000 		.4byte	.LASF11
 243 0088 02       		.uleb128 0x2
 244 0089 08       		.byte	0x8
 245 008a 04       		.byte	0x4
 246 008b 02010000 		.4byte	.LASF12
 247 008f 02       		.uleb128 0x2
 248 0090 01       		.byte	0x1
 249 0091 08       		.byte	0x8
 250 0092 CC010000 		.4byte	.LASF13
 251 0096 02       		.uleb128 0x2
 252 0097 08       		.byte	0x8
 253 0098 04       		.byte	0x4
 254 0099 04020000 		.4byte	.LASF14
 255 009d 02       		.uleb128 0x2
 256 009e 04       		.byte	0x4
 257 009f 07       		.byte	0x7
 258 00a0 AE010000 		.4byte	.LASF15
 259 00a4 05       		.uleb128 0x5
 260 00a5 E8010000 		.4byte	.LASF31
 261 00a9 01       		.byte	0x1
 262 00aa 0C       		.byte	0xc
 263 00ab 00000000 		.4byte	.LFB64
 264 00af 14000000 		.4byte	.LFE64-.LFB64
 265 00b3 01       		.uleb128 0x1
 266 00b4 9C       		.byte	0x9c
 267 00b5 C3000000 		.4byte	0xc3
 268 00b9 06       		.uleb128 0x6
 269 00ba 06000000 		.4byte	.LVL0
 270 00be 45020000 		.4byte	0x245
 271 00c2 00       		.byte	0
 272 00c3 07       		.uleb128 0x7
 273 00c4 09010000 		.4byte	.LASF32
 274 00c8 01       		.byte	0x1
 275 00c9 21       		.byte	0x21
 276 00ca 68000000 		.4byte	0x68
 277 00ce 00000000 		.4byte	.LFB65
ARM GAS  C:\Users\LASER_2\AppData\Local\Temp\cc86oOBX.s 			page 7


 278 00d2 74000000 		.4byte	.LFE65-.LFB65
 279 00d6 01       		.uleb128 0x1
 280 00d7 9C       		.byte	0x9c
 281 00d8 EC010000 		.4byte	0x1ec
 282 00dc 06       		.uleb128 0x6
 283 00dd 08000000 		.4byte	.LVL1
 284 00e1 50020000 		.4byte	0x250
 285 00e5 08       		.uleb128 0x8
 286 00e6 0E000000 		.4byte	.LVL2
 287 00ea 5B020000 		.4byte	0x25b
 288 00ee FC000000 		.4byte	0xfc
 289 00f2 09       		.uleb128 0x9
 290 00f3 01       		.uleb128 0x1
 291 00f4 50       		.byte	0x50
 292 00f5 05       		.uleb128 0x5
 293 00f6 03       		.byte	0x3
 294 00f7 00000000 		.4byte	InterrupRx
 295 00fb 00       		.byte	0
 296 00fc 08       		.uleb128 0x8
 297 00fd 14000000 		.4byte	.LVL3
 298 0101 66020000 		.4byte	0x266
 299 0105 13010000 		.4byte	0x113
 300 0109 09       		.uleb128 0x9
 301 010a 01       		.uleb128 0x1
 302 010b 50       		.byte	0x50
 303 010c 05       		.uleb128 0x5
 304 010d 03       		.byte	0x3
 305 010e 00000000 		.4byte	.LC0
 306 0112 00       		.byte	0
 307 0113 08       		.uleb128 0x8
 308 0114 1A000000 		.4byte	.LVL4
 309 0118 71020000 		.4byte	0x271
 310 011c 27010000 		.4byte	0x127
 311 0120 09       		.uleb128 0x9
 312 0121 01       		.uleb128 0x1
 313 0122 50       		.byte	0x50
 314 0123 02       		.uleb128 0x2
 315 0124 08       		.byte	0x8
 316 0125 40       		.byte	0x40
 317 0126 00       		.byte	0
 318 0127 08       		.uleb128 0x8
 319 0128 20000000 		.4byte	.LVL5
 320 012c 71020000 		.4byte	0x271
 321 0130 3B010000 		.4byte	0x13b
 322 0134 09       		.uleb128 0x9
 323 0135 01       		.uleb128 0x1
 324 0136 50       		.byte	0x50
 325 0137 02       		.uleb128 0x2
 326 0138 08       		.byte	0x8
 327 0139 60       		.byte	0x60
 328 013a 00       		.byte	0
 329 013b 08       		.uleb128 0x8
 330 013c 26000000 		.4byte	.LVL6
 331 0140 7C020000 		.4byte	0x27c
 332 0144 4F010000 		.4byte	0x14f
 333 0148 09       		.uleb128 0x9
 334 0149 01       		.uleb128 0x1
ARM GAS  C:\Users\LASER_2\AppData\Local\Temp\cc86oOBX.s 			page 8


 335 014a 50       		.byte	0x50
 336 014b 02       		.uleb128 0x2
 337 014c 08       		.byte	0x8
 338 014d 40       		.byte	0x40
 339 014e 00       		.byte	0
 340 014f 08       		.uleb128 0x8
 341 0150 32000000 		.4byte	.LVL7
 342 0154 87020000 		.4byte	0x287
 343 0158 6C010000 		.4byte	0x16c
 344 015c 09       		.uleb128 0x9
 345 015d 01       		.uleb128 0x1
 346 015e 50       		.byte	0x50
 347 015f 02       		.uleb128 0x2
 348 0160 74       		.byte	0x74
 349 0161 00       		.sleb128 0
 350 0162 09       		.uleb128 0x9
 351 0163 01       		.uleb128 0x1
 352 0164 51       		.byte	0x51
 353 0165 05       		.uleb128 0x5
 354 0166 03       		.byte	0x3
 355 0167 0C000000 		.4byte	.LC1
 356 016b 00       		.byte	0
 357 016c 08       		.uleb128 0x8
 358 016d 38000000 		.4byte	.LVL8
 359 0171 66020000 		.4byte	0x266
 360 0175 80010000 		.4byte	0x180
 361 0179 09       		.uleb128 0x9
 362 017a 01       		.uleb128 0x1
 363 017b 50       		.byte	0x50
 364 017c 02       		.uleb128 0x2
 365 017d 74       		.byte	0x74
 366 017e 00       		.sleb128 0
 367 017f 00       		.byte	0
 368 0180 08       		.uleb128 0x8
 369 0181 40000000 		.4byte	.LVL9
 370 0185 92020000 		.4byte	0x292
 371 0189 95010000 		.4byte	0x195
 372 018d 09       		.uleb128 0x9
 373 018e 01       		.uleb128 0x1
 374 018f 50       		.byte	0x50
 375 0190 03       		.uleb128 0x3
 376 0191 0A       		.byte	0xa
 377 0192 E803     		.2byte	0x3e8
 378 0194 00       		.byte	0
 379 0195 08       		.uleb128 0x8
 380 0196 46000000 		.4byte	.LVL10
 381 019a 7C020000 		.4byte	0x27c
 382 019e A9010000 		.4byte	0x1a9
 383 01a2 09       		.uleb128 0x9
 384 01a3 01       		.uleb128 0x1
 385 01a4 50       		.byte	0x50
 386 01a5 02       		.uleb128 0x2
 387 01a6 08       		.byte	0x8
 388 01a7 60       		.byte	0x60
 389 01a8 00       		.byte	0
 390 01a9 08       		.uleb128 0x8
 391 01aa 50000000 		.4byte	.LVL11
ARM GAS  C:\Users\LASER_2\AppData\Local\Temp\cc86oOBX.s 			page 9


 392 01ae 87020000 		.4byte	0x287
 393 01b2 C6010000 		.4byte	0x1c6
 394 01b6 09       		.uleb128 0x9
 395 01b7 01       		.uleb128 0x1
 396 01b8 50       		.byte	0x50
 397 01b9 02       		.uleb128 0x2
 398 01ba 74       		.byte	0x74
 399 01bb 00       		.sleb128 0
 400 01bc 09       		.uleb128 0x9
 401 01bd 01       		.uleb128 0x1
 402 01be 51       		.byte	0x51
 403 01bf 05       		.uleb128 0x5
 404 01c0 03       		.byte	0x3
 405 01c1 20000000 		.4byte	.LC2
 406 01c5 00       		.byte	0
 407 01c6 08       		.uleb128 0x8
 408 01c7 56000000 		.4byte	.LVL12
 409 01cb 66020000 		.4byte	0x266
 410 01cf DA010000 		.4byte	0x1da
 411 01d3 09       		.uleb128 0x9
 412 01d4 01       		.uleb128 0x1
 413 01d5 50       		.byte	0x50
 414 01d6 02       		.uleb128 0x2
 415 01d7 74       		.byte	0x74
 416 01d8 00       		.sleb128 0
 417 01d9 00       		.byte	0
 418 01da 0A       		.uleb128 0xa
 419 01db 5E000000 		.4byte	.LVL13
 420 01df 92020000 		.4byte	0x292
 421 01e3 09       		.uleb128 0x9
 422 01e4 01       		.uleb128 0x1
 423 01e5 50       		.byte	0x50
 424 01e6 03       		.uleb128 0x3
 425 01e7 0A       		.byte	0xa
 426 01e8 E803     		.2byte	0x3e8
 427 01ea 00       		.byte	0
 428 01eb 00       		.byte	0
 429 01ec 0B       		.uleb128 0xb
 430 01ed ED000000 		.4byte	.LASF16
 431 01f1 04       		.byte	0x4
 432 01f2 1207     		.2byte	0x712
 433 01f4 F8010000 		.4byte	0x1f8
 434 01f8 0C       		.uleb128 0xc
 435 01f9 76000000 		.4byte	0x76
 436 01fd 0D       		.uleb128 0xd
 437 01fe 8F000000 		.4byte	0x8f
 438 0202 0D020000 		.4byte	0x20d
 439 0206 0E       		.uleb128 0xe
 440 0207 9D000000 		.4byte	0x9d
 441 020b 0B       		.byte	0xb
 442 020c 00       		.byte	0
 443 020d 0F       		.uleb128 0xf
 444 020e F3010000 		.4byte	.LASF17
 445 0212 01       		.byte	0x1
 446 0213 08       		.byte	0x8
 447 0214 FD010000 		.4byte	0x1fd
 448 0218 05       		.uleb128 0x5
ARM GAS  C:\Users\LASER_2\AppData\Local\Temp\cc86oOBX.s 			page 10


 449 0219 03       		.byte	0x3
 450 021a 00000000 		.4byte	buffer2
 451 021e 0F       		.uleb128 0xf
 452 021f E8000000 		.4byte	.LASF18
 453 0223 01       		.byte	0x1
 454 0224 09       		.byte	0x9
 455 0225 2F020000 		.4byte	0x22f
 456 0229 05       		.uleb128 0x5
 457 022a 03       		.byte	0x3
 458 022b 00000000 		.4byte	dato
 459 022f 0C       		.uleb128 0xc
 460 0230 8F000000 		.4byte	0x8f
 461 0234 0F       		.uleb128 0xf
 462 0235 BE000000 		.4byte	.LASF19
 463 0239 01       		.byte	0x1
 464 023a 0A       		.byte	0xa
 465 023b 8F000000 		.4byte	0x8f
 466 023f 05       		.uleb128 0x5
 467 0240 03       		.byte	0x3
 468 0241 00000000 		.4byte	distance_cm
 469 0245 10       		.uleb128 0x10
 470 0246 D1010000 		.4byte	.LASF20
 471 024a D1010000 		.4byte	.LASF20
 472 024e 05       		.byte	0x5
 473 024f 71       		.byte	0x71
 474 0250 10       		.uleb128 0x10
 475 0251 DD000000 		.4byte	.LASF21
 476 0255 DD000000 		.4byte	.LASF21
 477 0259 05       		.byte	0x5
 478 025a 54       		.byte	0x54
 479 025b 10       		.uleb128 0x10
 480 025c 75010000 		.4byte	.LASF22
 481 0260 75010000 		.4byte	.LASF22
 482 0264 06       		.byte	0x6
 483 0265 18       		.byte	0x18
 484 0266 10       		.uleb128 0x10
 485 0267 1C020000 		.4byte	.LASF23
 486 026b 1C020000 		.4byte	.LASF23
 487 026f 05       		.byte	0x5
 488 0270 8B       		.byte	0x8b
 489 0271 10       		.uleb128 0x10
 490 0272 FA000000 		.4byte	.LASF24
 491 0276 FA000000 		.4byte	.LASF24
 492 027a 07       		.byte	0x7
 493 027b 14       		.byte	0x14
 494 027c 10       		.uleb128 0x10
 495 027d 9A010000 		.4byte	.LASF25
 496 0281 9A010000 		.4byte	.LASF25
 497 0285 07       		.byte	0x7
 498 0286 15       		.byte	0x15
 499 0287 10       		.uleb128 0x10
 500 0288 2B020000 		.4byte	.LASF26
 501 028c 2B020000 		.4byte	.LASF26
 502 0290 08       		.byte	0x8
 503 0291 E7       		.byte	0xe7
 504 0292 10       		.uleb128 0x10
 505 0293 33020000 		.4byte	.LASF27
ARM GAS  C:\Users\LASER_2\AppData\Local\Temp\cc86oOBX.s 			page 11


 506 0297 33020000 		.4byte	.LASF27
 507 029b 09       		.byte	0x9
 508 029c 76       		.byte	0x76
 509 029d 00       		.byte	0
 510              		.section	.debug_abbrev,"",%progbits
 511              	.Ldebug_abbrev0:
 512 0000 01       		.uleb128 0x1
 513 0001 11       		.uleb128 0x11
 514 0002 01       		.byte	0x1
 515 0003 25       		.uleb128 0x25
 516 0004 0E       		.uleb128 0xe
 517 0005 13       		.uleb128 0x13
 518 0006 0B       		.uleb128 0xb
 519 0007 03       		.uleb128 0x3
 520 0008 0E       		.uleb128 0xe
 521 0009 1B       		.uleb128 0x1b
 522 000a 0E       		.uleb128 0xe
 523 000b 55       		.uleb128 0x55
 524 000c 17       		.uleb128 0x17
 525 000d 11       		.uleb128 0x11
 526 000e 01       		.uleb128 0x1
 527 000f 10       		.uleb128 0x10
 528 0010 17       		.uleb128 0x17
 529 0011 00       		.byte	0
 530 0012 00       		.byte	0
 531 0013 02       		.uleb128 0x2
 532 0014 24       		.uleb128 0x24
 533 0015 00       		.byte	0
 534 0016 0B       		.uleb128 0xb
 535 0017 0B       		.uleb128 0xb
 536 0018 3E       		.uleb128 0x3e
 537 0019 0B       		.uleb128 0xb
 538 001a 03       		.uleb128 0x3
 539 001b 0E       		.uleb128 0xe
 540 001c 00       		.byte	0
 541 001d 00       		.byte	0
 542 001e 03       		.uleb128 0x3
 543 001f 16       		.uleb128 0x16
 544 0020 00       		.byte	0
 545 0021 03       		.uleb128 0x3
 546 0022 0E       		.uleb128 0xe
 547 0023 3A       		.uleb128 0x3a
 548 0024 0B       		.uleb128 0xb
 549 0025 3B       		.uleb128 0x3b
 550 0026 0B       		.uleb128 0xb
 551 0027 49       		.uleb128 0x49
 552 0028 13       		.uleb128 0x13
 553 0029 00       		.byte	0
 554 002a 00       		.byte	0
 555 002b 04       		.uleb128 0x4
 556 002c 24       		.uleb128 0x24
 557 002d 00       		.byte	0
 558 002e 0B       		.uleb128 0xb
 559 002f 0B       		.uleb128 0xb
 560 0030 3E       		.uleb128 0x3e
 561 0031 0B       		.uleb128 0xb
 562 0032 03       		.uleb128 0x3
ARM GAS  C:\Users\LASER_2\AppData\Local\Temp\cc86oOBX.s 			page 12


 563 0033 08       		.uleb128 0x8
 564 0034 00       		.byte	0
 565 0035 00       		.byte	0
 566 0036 05       		.uleb128 0x5
 567 0037 2E       		.uleb128 0x2e
 568 0038 01       		.byte	0x1
 569 0039 3F       		.uleb128 0x3f
 570 003a 19       		.uleb128 0x19
 571 003b 03       		.uleb128 0x3
 572 003c 0E       		.uleb128 0xe
 573 003d 3A       		.uleb128 0x3a
 574 003e 0B       		.uleb128 0xb
 575 003f 3B       		.uleb128 0x3b
 576 0040 0B       		.uleb128 0xb
 577 0041 27       		.uleb128 0x27
 578 0042 19       		.uleb128 0x19
 579 0043 11       		.uleb128 0x11
 580 0044 01       		.uleb128 0x1
 581 0045 12       		.uleb128 0x12
 582 0046 06       		.uleb128 0x6
 583 0047 40       		.uleb128 0x40
 584 0048 18       		.uleb128 0x18
 585 0049 9742     		.uleb128 0x2117
 586 004b 19       		.uleb128 0x19
 587 004c 01       		.uleb128 0x1
 588 004d 13       		.uleb128 0x13
 589 004e 00       		.byte	0
 590 004f 00       		.byte	0
 591 0050 06       		.uleb128 0x6
 592 0051 898201   		.uleb128 0x4109
 593 0054 00       		.byte	0
 594 0055 11       		.uleb128 0x11
 595 0056 01       		.uleb128 0x1
 596 0057 31       		.uleb128 0x31
 597 0058 13       		.uleb128 0x13
 598 0059 00       		.byte	0
 599 005a 00       		.byte	0
 600 005b 07       		.uleb128 0x7
 601 005c 2E       		.uleb128 0x2e
 602 005d 01       		.byte	0x1
 603 005e 3F       		.uleb128 0x3f
 604 005f 19       		.uleb128 0x19
 605 0060 03       		.uleb128 0x3
 606 0061 0E       		.uleb128 0xe
 607 0062 3A       		.uleb128 0x3a
 608 0063 0B       		.uleb128 0xb
 609 0064 3B       		.uleb128 0x3b
 610 0065 0B       		.uleb128 0xb
 611 0066 27       		.uleb128 0x27
 612 0067 19       		.uleb128 0x19
 613 0068 49       		.uleb128 0x49
 614 0069 13       		.uleb128 0x13
 615 006a 8701     		.uleb128 0x87
 616 006c 19       		.uleb128 0x19
 617 006d 11       		.uleb128 0x11
 618 006e 01       		.uleb128 0x1
 619 006f 12       		.uleb128 0x12
ARM GAS  C:\Users\LASER_2\AppData\Local\Temp\cc86oOBX.s 			page 13


 620 0070 06       		.uleb128 0x6
 621 0071 40       		.uleb128 0x40
 622 0072 18       		.uleb128 0x18
 623 0073 9742     		.uleb128 0x2117
 624 0075 19       		.uleb128 0x19
 625 0076 01       		.uleb128 0x1
 626 0077 13       		.uleb128 0x13
 627 0078 00       		.byte	0
 628 0079 00       		.byte	0
 629 007a 08       		.uleb128 0x8
 630 007b 898201   		.uleb128 0x4109
 631 007e 01       		.byte	0x1
 632 007f 11       		.uleb128 0x11
 633 0080 01       		.uleb128 0x1
 634 0081 31       		.uleb128 0x31
 635 0082 13       		.uleb128 0x13
 636 0083 01       		.uleb128 0x1
 637 0084 13       		.uleb128 0x13
 638 0085 00       		.byte	0
 639 0086 00       		.byte	0
 640 0087 09       		.uleb128 0x9
 641 0088 8A8201   		.uleb128 0x410a
 642 008b 00       		.byte	0
 643 008c 02       		.uleb128 0x2
 644 008d 18       		.uleb128 0x18
 645 008e 9142     		.uleb128 0x2111
 646 0090 18       		.uleb128 0x18
 647 0091 00       		.byte	0
 648 0092 00       		.byte	0
 649 0093 0A       		.uleb128 0xa
 650 0094 898201   		.uleb128 0x4109
 651 0097 01       		.byte	0x1
 652 0098 11       		.uleb128 0x11
 653 0099 01       		.uleb128 0x1
 654 009a 31       		.uleb128 0x31
 655 009b 13       		.uleb128 0x13
 656 009c 00       		.byte	0
 657 009d 00       		.byte	0
 658 009e 0B       		.uleb128 0xb
 659 009f 34       		.uleb128 0x34
 660 00a0 00       		.byte	0
 661 00a1 03       		.uleb128 0x3
 662 00a2 0E       		.uleb128 0xe
 663 00a3 3A       		.uleb128 0x3a
 664 00a4 0B       		.uleb128 0xb
 665 00a5 3B       		.uleb128 0x3b
 666 00a6 05       		.uleb128 0x5
 667 00a7 49       		.uleb128 0x49
 668 00a8 13       		.uleb128 0x13
 669 00a9 3F       		.uleb128 0x3f
 670 00aa 19       		.uleb128 0x19
 671 00ab 3C       		.uleb128 0x3c
 672 00ac 19       		.uleb128 0x19
 673 00ad 00       		.byte	0
 674 00ae 00       		.byte	0
 675 00af 0C       		.uleb128 0xc
 676 00b0 35       		.uleb128 0x35
ARM GAS  C:\Users\LASER_2\AppData\Local\Temp\cc86oOBX.s 			page 14


 677 00b1 00       		.byte	0
 678 00b2 49       		.uleb128 0x49
 679 00b3 13       		.uleb128 0x13
 680 00b4 00       		.byte	0
 681 00b5 00       		.byte	0
 682 00b6 0D       		.uleb128 0xd
 683 00b7 01       		.uleb128 0x1
 684 00b8 01       		.byte	0x1
 685 00b9 49       		.uleb128 0x49
 686 00ba 13       		.uleb128 0x13
 687 00bb 01       		.uleb128 0x1
 688 00bc 13       		.uleb128 0x13
 689 00bd 00       		.byte	0
 690 00be 00       		.byte	0
 691 00bf 0E       		.uleb128 0xe
 692 00c0 21       		.uleb128 0x21
 693 00c1 00       		.byte	0
 694 00c2 49       		.uleb128 0x49
 695 00c3 13       		.uleb128 0x13
 696 00c4 2F       		.uleb128 0x2f
 697 00c5 0B       		.uleb128 0xb
 698 00c6 00       		.byte	0
 699 00c7 00       		.byte	0
 700 00c8 0F       		.uleb128 0xf
 701 00c9 34       		.uleb128 0x34
 702 00ca 00       		.byte	0
 703 00cb 03       		.uleb128 0x3
 704 00cc 0E       		.uleb128 0xe
 705 00cd 3A       		.uleb128 0x3a
 706 00ce 0B       		.uleb128 0xb
 707 00cf 3B       		.uleb128 0x3b
 708 00d0 0B       		.uleb128 0xb
 709 00d1 49       		.uleb128 0x49
 710 00d2 13       		.uleb128 0x13
 711 00d3 3F       		.uleb128 0x3f
 712 00d4 19       		.uleb128 0x19
 713 00d5 02       		.uleb128 0x2
 714 00d6 18       		.uleb128 0x18
 715 00d7 00       		.byte	0
 716 00d8 00       		.byte	0
 717 00d9 10       		.uleb128 0x10
 718 00da 2E       		.uleb128 0x2e
 719 00db 00       		.byte	0
 720 00dc 3F       		.uleb128 0x3f
 721 00dd 19       		.uleb128 0x19
 722 00de 3C       		.uleb128 0x3c
 723 00df 19       		.uleb128 0x19
 724 00e0 6E       		.uleb128 0x6e
 725 00e1 0E       		.uleb128 0xe
 726 00e2 03       		.uleb128 0x3
 727 00e3 0E       		.uleb128 0xe
 728 00e4 3A       		.uleb128 0x3a
 729 00e5 0B       		.uleb128 0xb
 730 00e6 3B       		.uleb128 0x3b
 731 00e7 0B       		.uleb128 0xb
 732 00e8 00       		.byte	0
 733 00e9 00       		.byte	0
ARM GAS  C:\Users\LASER_2\AppData\Local\Temp\cc86oOBX.s 			page 15


 734 00ea 00       		.byte	0
 735              		.section	.debug_aranges,"",%progbits
 736 0000 24000000 		.4byte	0x24
 737 0004 0200     		.2byte	0x2
 738 0006 00000000 		.4byte	.Ldebug_info0
 739 000a 04       		.byte	0x4
 740 000b 00       		.byte	0
 741 000c 0000     		.2byte	0
 742 000e 0000     		.2byte	0
 743 0010 00000000 		.4byte	.LFB64
 744 0014 14000000 		.4byte	.LFE64-.LFB64
 745 0018 00000000 		.4byte	.LFB65
 746 001c 74000000 		.4byte	.LFE65-.LFB65
 747 0020 00000000 		.4byte	0
 748 0024 00000000 		.4byte	0
 749              		.section	.debug_ranges,"",%progbits
 750              	.Ldebug_ranges0:
 751 0000 00000000 		.4byte	.LFB64
 752 0004 14000000 		.4byte	.LFE64
 753 0008 00000000 		.4byte	.LFB65
 754 000c 74000000 		.4byte	.LFE65
 755 0010 00000000 		.4byte	0
 756 0014 00000000 		.4byte	0
 757              		.section	.debug_line,"",%progbits
 758              	.Ldebug_line0:
 759 0000 2A020000 		.section	.debug_str,"MS",%progbits,1
 759      0200E001 
 759      00000201 
 759      FB0E0D00 
 759      01010101 
 760              	.LASF9:
 761 0000 5F5F696E 		.ascii	"__int32_t\000"
 761      7433325F 
 761      7400
 762              	.LASF11:
 763 000a 666C6F61 		.ascii	"float\000"
 763      7400
 764              	.LASF1:
 765 0010 756E7369 		.ascii	"unsigned char\000"
 765      676E6564 
 765      20636861 
 765      7200
 766              	.LASF28:
 767 001e 474E5520 		.ascii	"GNU C11 5.4.1 20160609 (release) [ARM/embedded-5-br"
 767      43313120 
 767      352E342E 
 767      31203230 
 767      31363036 
 768 0051 616E6368 		.ascii	"anch revision 237715] -mcpu=cortex-m3 -mthumb -g -O"
 768      20726576 
 768      6973696F 
 768      6E203233 
 768      37373135 
 769 0084 67202D66 		.ascii	"g -ffunction-sections -ffat-lto-objects\000"
 769      66756E63 
 769      74696F6E 
 769      2D736563 
ARM GAS  C:\Users\LASER_2\AppData\Local\Temp\cc86oOBX.s 			page 16


 769      74696F6E 
 770              	.LASF5:
 771 00ac 6C6F6E67 		.ascii	"long unsigned int\000"
 771      20756E73 
 771      69676E65 
 771      6420696E 
 771      7400
 772              	.LASF19:
 773 00be 64697374 		.ascii	"distance_cm\000"
 773      616E6365 
 773      5F636D00 
 774              	.LASF3:
 775 00ca 73686F72 		.ascii	"short unsigned int\000"
 775      7420756E 
 775      7369676E 
 775      65642069 
 775      6E7400
 776              	.LASF21:
 777 00dd 55415254 		.ascii	"UART_Start\000"
 777      5F537461 
 777      727400
 778              	.LASF18:
 779 00e8 6461746F 		.ascii	"dato\000"
 779      00
 780              	.LASF16:
 781 00ed 49544D5F 		.ascii	"ITM_RxBuffer\000"
 781      52784275 
 781      66666572 
 781      00
 782              	.LASF24:
 783 00fa 44535F69 		.ascii	"DS_init\000"
 783      6E697400 
 784              	.LASF12:
 785 0102 646F7562 		.ascii	"double\000"
 785      6C6500
 786              	.LASF32:
 787 0109 6D61696E 		.ascii	"main\000"
 787      00
 788              	.LASF30:
 789 010e 433A5C55 		.ascii	"C:\\Users\\LASER_2\\Documents\\PSoC Creator\\gp2y0e"
 789      73657273 
 789      5C4C4153 
 789      45525F32 
 789      5C446F63 
 790 013c 30335F50 		.ascii	"03_Psoc_5\\Workspace01\\SensorDistancia.cydsn\000"
 790      736F635F 
 790      355C576F 
 790      726B7370 
 790      61636530 
 791              	.LASF8:
 792 0168 756E7369 		.ascii	"unsigned int\000"
 792      676E6564 
 792      20696E74 
 792      00
 793              	.LASF22:
 794 0175 49525152 		.ascii	"IRQRX_StartEx\000"
 794      585F5374 
ARM GAS  C:\Users\LASER_2\AppData\Local\Temp\cc86oOBX.s 			page 17


 794      61727445 
 794      7800
 795              	.LASF7:
 796 0183 6C6F6E67 		.ascii	"long long unsigned int\000"
 796      206C6F6E 
 796      6720756E 
 796      7369676E 
 796      65642069 
 797              	.LASF25:
 798 019a 44535F67 		.ascii	"DS_get_data\000"
 798      65745F64 
 798      61746100 
 799              	.LASF10:
 800 01a6 696E7433 		.ascii	"int32_t\000"
 800      325F7400 
 801              	.LASF15:
 802 01ae 73697A65 		.ascii	"sizetype\000"
 802      74797065 
 802      00
 803              	.LASF6:
 804 01b7 6C6F6E67 		.ascii	"long long int\000"
 804      206C6F6E 
 804      6720696E 
 804      7400
 805              	.LASF29:
 806 01c5 6D61696E 		.ascii	"main.c\000"
 806      2E6300
 807              	.LASF13:
 808 01cc 63686172 		.ascii	"char\000"
 808      00
 809              	.LASF20:
 810 01d1 55415254 		.ascii	"UART_GetChar\000"
 810      5F476574 
 810      43686172 
 810      00
 811              	.LASF2:
 812 01de 73686F72 		.ascii	"short int\000"
 812      7420696E 
 812      7400
 813              	.LASF31:
 814 01e8 496E7465 		.ascii	"InterrupRx\000"
 814      72727570 
 814      527800
 815              	.LASF17:
 816 01f3 62756666 		.ascii	"buffer2\000"
 816      65723200 
 817              	.LASF4:
 818 01fb 6C6F6E67 		.ascii	"long int\000"
 818      20696E74 
 818      00
 819              	.LASF14:
 820 0204 6C6F6E67 		.ascii	"long double\000"
 820      20646F75 
 820      626C6500 
 821              	.LASF0:
 822 0210 7369676E 		.ascii	"signed char\000"
 822      65642063 
ARM GAS  C:\Users\LASER_2\AppData\Local\Temp\cc86oOBX.s 			page 18


 822      68617200 
 823              	.LASF23:
 824 021c 55415254 		.ascii	"UART_PutString\000"
 824      5F507574 
 824      53747269 
 824      6E6700
 825              	.LASF26:
 826 022b 73707269 		.ascii	"sprintf\000"
 826      6E746600 
 827              	.LASF27:
 828 0233 43794465 		.ascii	"CyDelay\000"
 828      6C617900 
 829              		.ident	"GCC: (GNU Tools for ARM Embedded Processors) 5.4.1 20160609 (release) [ARM/embedded-5-bran
